<?xml version="1.0" encoding="UTF-8"?>
<!-- Generated by org.testng.reporters.JUnitXMLReporter -->
<testsuite ignored="0" hostname="Appi" failures="1" tests="1" name="Error validations Test" time="9.797" errors="0" timestamp="2024-05-01T17:14:59 IST">
  <testcase classname="rahulshettyacademy.test.ErrorScenarios" name="validateloginerror" time="0.738">
    <failure type="java.lang.AssertionError" message="expected [Incorrect email or password.] but found [Incorrect email password.]">
      <![CDATA[java.lang.AssertionError: expected [Incorrect email or password.] but found [Incorrect email password.]
at rahulshettyacademy.test.ErrorScenarios.validateloginerror(ErrorScenarios.java:14)
at java.base/java.util.ArrayList.forEach(ArrayList.java:1511)
at java.base/java.util.concurrent.FutureTask.run(FutureTask.java:264)
at java.base/java.util.concurrent.ThreadPoolExecutor.runWorker(ThreadPoolExecutor.java:1136)
at java.base/java.util.concurrent.ThreadPoolExecutor$Worker.run(ThreadPoolExecutor.java:635)
at java.base/java.lang.Thread.run(Thread.java:833)
... Removed 23 stack frames]]>
    </failure>
  </testcase> <!-- validateloginerror -->
</testsuite> <!-- Error validations Test -->
